<?xml version="1.0" encoding="UTF-8"?>
<!-- Generated by org.testng.reporters.JUnitXMLReporter -->
<testsuite hostname="Keto" ignored="0" name="Surefire test" tests="3" failures="0" timestamp="2021-10-27T23:11:28 BRT" time="20.502" errors="0">
  <testcase name="LoginValido on LoginValido(Tests.LoginTests)" time="7.699" classname="Tests.LoginTests"/>
  <testcase name="SenhaInvalido on SenhaInvalido(Tests.LoginTests)" time="12.742" classname="Tests.LoginTests"/>
  <testcase name="LoginInvalido on LoginInvalido(Tests.LoginTests)" time="17.725" classname="Tests.LoginTests"/>
</testsuite> <!-- Surefire test -->
