<?xml version="1.0" encoding="UTF-8"?>
<testng-results skipped="0" failed="0" ignored="0" total="3" passed="3">
  <reporter-output>
  </reporter-output>
  <suite name="Surefire suite" duration-ms="20502" started-at="2021-10-27T23:11:08 BRT" finished-at="2021-10-27T23:11:28 BRT">
    <groups>
    </groups>
    <test name="Surefire test" duration-ms="20502" started-at="2021-10-27T23:11:08 BRT" finished-at="2021-10-27T23:11:28 BRT">
      <class name="Tests.LoginTests">
        <test-method status="PASS" signature="LoginValido()" name="LoginValido" duration-ms="7699" started-at="2021-10-27T23:11:08 BRT" finished-at="2021-10-27T23:11:16 BRT">
          <reporter-output>
          </reporter-output>
        </test-method> <!-- LoginValido -->
        <test-method status="PASS" signature="SenhaInvalido()" name="SenhaInvalido" duration-ms="12742" started-at="2021-10-27T23:11:08 BRT" finished-at="2021-10-27T23:11:21 BRT">
          <reporter-output>
          </reporter-output>
        </test-method> <!-- SenhaInvalido -->
        <test-method status="PASS" signature="LoginInvalido()" name="LoginInvalido" duration-ms="17725" started-at="2021-10-27T23:11:08 BRT" finished-at="2021-10-27T23:11:26 BRT">
          <reporter-output>
          </reporter-output>
        </test-method> <!-- LoginInvalido -->
      </class> <!-- Tests.LoginTests -->
    </test> <!-- Surefire test -->
  </suite> <!-- Surefire suite -->
</testng-results>
